<?xml version="1.0" encoding="UTF-8"?>
<testsuite xmlns:xsi="http://www.w3.org/2001/XMLSchema-instance" xsi:noNamespaceSchemaLocation="https://maven.apache.org/surefire/maven-surefire-plugin/xsd/surefire-test-report.xsd" name="pl.put.poznan.json.logic.JSONFilterTest" time="0" tests="5" errors="0" skipped="0" failures="0">
  <properties>
[...]
</properties>
  <testcase name="FilterSubTree" classname="pl.put.poznan.json.logic.JSONFilterTest" time="0"/>
  <testcase name="FilterVeryNested" classname="pl.put.poznan.json.logic.JSONFilterTest" time="0"/>
  <testcase name="FilterOneNested" classname="pl.put.poznan.json.logic.JSONFilterTest" time="0"/>
  <testcase name="TestNoKeys" classname="pl.put.poznan.json.logic.JSONFilterTest" time="0"/>
  <testcase name="TestAllKeys" classname="pl.put.poznan.json.logic.JSONFilterTest" time="0"/>
</testsuite>